<?xml version="1.0" encoding="UTF-8"?>
<!-- Generated by org.testng.reporters.JUnitXMLReporter -->
<testsuite ignored="17" hostname="IN-3718NQ3" failures="1" tests="1" name="Surefire test" time="30.967" errors="0" timestamp="2024-11-28T18:54:41 IST">
  <testcase classname="testcase.ODS_test" name="TC_ODS_18" time="10.607">
    <failure type="java.lang.NullPointerException" message="Cannot invoke &amp;quot;org.openqa.selenium.SearchContext.findElement(org.openqa.selenium.By)&amp;quot; because &amp;quot;this.searchContext&amp;quot; is null">
      <![CDATA[java.lang.NullPointerException: Cannot invoke "org.openqa.selenium.SearchContext.findElement(org.openqa.selenium.By)" because "this.searchContext" is null
at org.openqa.selenium.support.pagefactory.DefaultElementLocator.findElement(DefaultElementLocator.java:68)
at org.openqa.selenium.support.pagefactory.internal.LocatingElementHandler.invoke(LocatingElementHandler.java:38)
at jdk.proxy2/jdk.proxy2.$Proxy10.sendKeys(Unknown Source)
at maventest.maven_testng.ODS.Searchbox2(ODS.java:206)
at testcase.ODS_test.TC_ODS_18(ODS_test.java:226)
at java.base/java.util.ArrayList.forEach(ArrayList.java:1597)
... Removed 30 stack frames]]>
    </failure>
  </testcase> <!-- TC_ODS_18 -->
  <testcase classname="testcase.ODS_test" name="TC_ODS_07" time="0.0">
    <ignored/>
  </testcase> <!-- TC_ODS_07 -->
  <testcase classname="testcase.ODS_test" name="TC_ODS_08" time="0.0">
    <ignored/>
  </testcase> <!-- TC_ODS_08 -->
  <testcase classname="testcase.ODS_test" name="TC_ODS_09" time="0.0">
    <ignored/>
  </testcase> <!-- TC_ODS_09 -->
  <testcase classname="testcase.ODS_test" name="TC_ODS_03" time="0.0">
    <ignored/>
  </testcase> <!-- TC_ODS_03 -->
  <testcase classname="testcase.ODS_test" name="TC_ODS_14" time="0.0">
    <ignored/>
  </testcase> <!-- TC_ODS_14 -->
  <testcase classname="testcase.ODS_test" name="TC_ODS_15" time="0.0">
    <ignored/>
  </testcase> <!-- TC_ODS_15 -->
  <testcase classname="testcase.ODS_test" name="TC_ODS_04" time="0.0">
    <ignored/>
  </testcase> <!-- TC_ODS_04 -->
  <testcase classname="testcase.ODS_test" name="TC_ODS_05" time="0.0">
    <ignored/>
  </testcase> <!-- TC_ODS_05 -->
  <testcase classname="testcase.ODS_test" name="TC_ODS_16" time="0.0">
    <ignored/>
  </testcase> <!-- TC_ODS_16 -->
  <testcase classname="testcase.ODS_test" name="TC_ODS_17" time="0.0">
    <ignored/>
  </testcase> <!-- TC_ODS_17 -->
  <testcase classname="testcase.ODS_test" name="TC_ODS_06" time="0.0">
    <ignored/>
  </testcase> <!-- TC_ODS_06 -->
  <testcase classname="testcase.ODS_test" name="TC_ODS_10" time="0.0">
    <ignored/>
  </testcase> <!-- TC_ODS_10 -->
  <testcase classname="testcase.ODS_test" name="TC_ODS_11" time="0.0">
    <ignored/>
  </testcase> <!-- TC_ODS_11 -->
  <testcase classname="testcase.ODS_test" name="TC_ODS_01" time="0.0">
    <ignored/>
  </testcase> <!-- TC_ODS_01 -->
  <testcase classname="testcase.ODS_test" name="TC_ODS_12" time="0.0">
    <ignored/>
  </testcase> <!-- TC_ODS_12 -->
  <testcase classname="testcase.ODS_test" name="TC_ODS_13" time="0.0">
    <ignored/>
  </testcase> <!-- TC_ODS_13 -->
  <testcase classname="testcase.ODS_test" name="TC_ODS_02" time="0.0">
    <ignored/>
  </testcase> <!-- TC_ODS_02 -->
</testsuite> <!-- Surefire test -->
